<?xml version="1.0" encoding="UTF-8"?>
<testsuite xmlns:xsi="http://www.w3.org/2001/XMLSchema-instance" xsi:noNamespaceSchemaLocation="https://maven.apache.org/surefire/maven-surefire-plugin/xsd/surefire-test-report.xsd" name="ds.SegmentTreeTest" time="1.272" tests="2" errors="0" skipped="0" failures="0">
  <properties>
[...]
</properties>
  <testcase name="rangeMinimumQueryWithUpdatesRandomArrays" classname="ds.SegmentTreeTest" time="1.232"/>
  <testcase name="rangeMinimumQueryWithUpdates" classname="ds.SegmentTreeTest" time="0"/>
</testsuite>